<?xml version="1.0" encoding="UTF-8"?>
<!-- Generated by org.testng.reporters.JUnitReportReporter -->
<testsuite skipped="0" hostname="LAPTOP-NQBU1KGP" name="TestNG.AnnotationsTwoTestMethod" tests="2" failures="0" timestamp="2019-09-07T21:34:50 IST" time="0.023" errors="0">
  <testcase name="testMethod2" time="0.009" classname="TestNG.AnnotationsTwoTestMethod"/>
  <testcase name="testMethod1" time="0.014" classname="TestNG.AnnotationsTwoTestMethod"/>
</testsuite> <!-- TestNG.AnnotationsTwoTestMethod -->
