<?xml version="1.0" encoding="UTF-8"?>
<!-- Generated by org.testng.reporters.JUnitReportReporter -->
<testsuite skipped="0" hostname="LAPTOP-NQBU1KGP" name="TestNG.TestNGTest" tests="3" failures="0" timestamp="2019-09-07T21:18:08 IST" time="0.022" errors="0">
  <testcase name="Test1" time="0.019" classname="TestNG.TestNGTest"/>
  <testcase name="Test3" time="0.001" classname="TestNG.TestNGTest"/>
  <testcase name="Test2" time="0.002" classname="TestNG.TestNGTest"/>
</testsuite> <!-- TestNG.TestNGTest -->
