<?xml version="1.0" encoding="UTF-8"?>
<!-- Generated by org.testng.reporters.JUnitReportReporter -->
<testsuite skipped="0" hostname="LAPTOP-NQBU1KGP" name="TestNG.AdminLoginTestTestNG" tests="1" failures="0" timestamp="2019-09-07T21:23:26 IST" time="15.973" errors="0">
  <testcase name="adminlogin" time="15.973" classname="TestNG.AdminLoginTestTestNG"/>
</testsuite> <!-- TestNG.AdminLoginTestTestNG -->
