<?xml version="1.0" encoding="UTF-8"?>
<!-- Generated by org.testng.reporters.JUnitReportReporter -->
<testsuite skipped="0" hostname="LAPTOP-NQBU1KGP" name="krish.SampleTestTestNg" tests="3" failures="0" timestamp="2019-09-02T21:27:37 IST" time="0.020" errors="0">
  <testcase name="Test1" time="0.016" classname="krish.SampleTestTestNg"/>
  <testcase name="Test3" time="0.002" classname="krish.SampleTestTestNg"/>
  <testcase name="Test2" time="0.002" classname="krish.SampleTestTestNg"/>
</testsuite> <!-- krish.SampleTestTestNg -->
