<?xml version="1.0" encoding="UTF-8"?>
<!-- Generated by org.testng.reporters.JUnitReportReporter -->
<testsuite skipped="0" hostname="LAPTOP-NQBU1KGP" name="TestNG.PrimusBankTestNG" tests="2" failures="0" timestamp="2019-09-07T22:22:58 IST" time="15.755" errors="0">
  <testcase name="applogin" time="1.019" classname="TestNG.PrimusBankTestNG"/>
  <testcase name="empcreation" time="14.736" classname="TestNG.PrimusBankTestNG"/>
</testsuite> <!-- TestNG.PrimusBankTestNG -->
