<?xml version="1.0" encoding="UTF-8"?>
<!-- Generated by org.testng.reporters.JUnitReportReporter -->
<testsuite skipped="0" hostname="LAPTOP-NQBU1KGP" name="POM.LoginPageTestPOM" tests="1" failures="0" timestamp="2019-09-08T21:27:38 IST" time="10.811" errors="0">
  <testcase name="login" time="10.811" classname="POM.LoginPageTestPOM"/>
</testsuite> <!-- POM.LoginPageTestPOM -->
