<?xml version="1.0" encoding="UTF-8"?>
<!-- Generated by org.testng.reporters.JUnitReportReporter -->
<testsuite skipped="0" hostname="LAPTOP-NQBU1KGP" name="TestNG.ParametrizationTestNG" tests="2" failures="0" timestamp="2019-09-07T22:50:49 IST" time="0.015" errors="0">
  <testcase name="applogin" time="0.013" classname="TestNG.ParametrizationTestNG"/>
  <testcase name="applogin" time="0.002" classname="TestNG.ParametrizationTestNG"/>
</testsuite> <!-- TestNG.ParametrizationTestNG -->
