<?xml version="1.0" encoding="UTF-8"?>
<!-- Generated by org.testng.reporters.JUnitReportReporter -->
<testsuite skipped="0" hostname="LAPTOP-NQBU1KGP" name="krish.AdminLoginTestTestNG" tests="1" failures="0" timestamp="2019-09-02T21:10:27 IST" time="14.343" errors="0">
  <testcase name="adminlogin" time="14.343" classname="krish.AdminLoginTestTestNG"/>
</testsuite> <!-- krish.AdminLoginTestTestNG -->
