<?xml version="1.0" encoding="UTF-8"?>
<!-- Generated by org.testng.reporters.JUnitReportReporter -->
<testsuite skipped="0" hostname="LAPTOP-NQBU1KGP" name="TestNG.AnnotationsTest" tests="1" failures="0" timestamp="2019-09-07T22:22:58 IST" time="0.011" errors="0">
  <testcase name="testMethod1" time="0.011" classname="TestNG.AnnotationsTest"/>
</testsuite> <!-- TestNG.AnnotationsTest -->
