<?xml version="1.0" encoding="UTF-8"?>
<!-- Generated by org.testng.reporters.JUnitReportReporter -->
<testsuite skipped="0" hostname="LAPTOP-NQBU1KGP" name="TestNG.Annotations2" tests="2" failures="0" timestamp="2019-09-07T22:01:31 IST" time="0.007" errors="0">
  <testcase name="applogin" time="0.005" classname="TestNG.Annotations2"/>
  <testcase name="empcreation" time="0.002" classname="TestNG.Annotations2"/>
</testsuite> <!-- TestNG.Annotations2 -->
